2025-08-06 10:10:18,555 - INFO - ============================================================
2025-08-06 10:10:18,675 - INFO -   Files that would be moved: 6
2025-08-06 10:10:18,675 - INFO -   Successful test moves: 6
2025-08-06 10:10:18,676 - INFO -   Failed test moves: 0
2025-08-06 10:11:48,272 - INFO - Starting JobTrackerDB Project File Organization
2025-08-06 10:11:48,273 - INFO - ============================================================
2025-08-06 10:11:48,273 - INFO - RUNNING IN EXECUTION MODE - Files will be moved
2025-08-06 10:11:48,273 - INFO - Scanning project structure...
2025-08-06 10:11:48,291 - INFO - Found 506 files in project
2025-08-06 10:11:48,292 - INFO - Creating directory structure...
2025-08-06 10:11:48,292 - INFO -   Created: tests/backend/ai/baseline
2025-08-06 10:11:48,293 - INFO -   Created: tests/backend/ai/performance
2025-08-06 10:11:48,293 - INFO -   Created: tests/backend/ai/prompts
2025-08-06 10:11:48,293 - INFO -   Created: tests/backend/api
2025-08-06 10:11:48,294 - INFO -   Created: tests/backend/database
2025-08-06 10:11:48,294 - INFO -   Created: tests/backend/integration
2025-08-06 10:11:48,294 - INFO -   Created: tests/frontend/components
2025-08-06 10:11:48,295 - INFO -   Created: tests/frontend/pages
2025-08-06 10:11:48,295 - INFO -   Created: tests/frontend/integration
2025-08-06 10:11:48,295 - INFO -   Created: tests/general/performance
2025-08-06 10:11:48,296 - INFO -   Created: tests/general/security
2025-08-06 10:11:48,296 - INFO -   Created: tests/general/e2e
2025-08-06 10:11:48,297 - INFO -   Created: tests/data/resumes
2025-08-06 10:11:48,297 - INFO -   Created: tests/data/baseline
2025-08-06 10:11:48,298 - INFO -   Created: tests/data/exports
2025-08-06 10:11:48,299 - INFO - Found 6 files to move
2025-08-06 10:11:48,305 - INFO -   Created backup: C:\Users\tonyk\OneDrive\Projects\JobTrackerDB\tests\backend\api\test_resume_upload.py.backup_20250806_101148
2025-08-06 10:11:48,307 - INFO -   Moved: test_resume_upload.py -> tests/backend/api/
2025-08-06 10:11:48,309 - INFO -   Moved: test_coordinates.py -> tests/backend/api/
2025-08-06 10:11:48,310 - INFO -   Moved: check_resume_data_saved.py -> tests/backend/database/
2025-08-06 10:11:48,312 - INFO -   Moved: query_prompt_benefits.sql -> tests/data/exports/
2025-08-06 10:11:48,314 - INFO -   Moved: profile_tables_queries.sql -> tests/data/exports/
2025-08-06 10:11:48,316 - INFO -   Moved: RESUME_PARSER_TESTING_FRAMEWORK.md -> tests/data/exports/
2025-08-06 10:11:48,316 - INFO - Verifying file moves...
2025-08-06 10:11:48,316 - INFO -   Verified: test_resume_upload.py in tests/backend/api/
2025-08-06 10:11:48,317 - INFO -   Verified: test_coordinates.py in tests/backend/api/
2025-08-06 10:11:48,317 - INFO -   Verified: check_resume_data_saved.py in tests/backend/database/
2025-08-06 10:11:48,317 - INFO -   Verified: query_prompt_benefits.sql in tests/data/exports/
2025-08-06 10:11:48,317 - INFO -   Verified: profile_tables_queries.sql in tests/data/exports/
2025-08-06 10:11:48,317 - INFO -   Verified: RESUME_PARSER_TESTING_FRAMEWORK.md in tests/data/exports/
2025-08-06 10:11:48,317 - INFO - 
ORGANIZATION SUMMARY
2025-08-06 10:11:48,318 - INFO - ==================================================
2025-08-06 10:11:48,318 - INFO - Total files moved: 6
2025-08-06 10:11:48,318 - INFO - Total failed moves: 0
2025-08-06 10:11:48,318 - INFO - 
Files by category:
2025-08-06 10:11:48,319 - INFO -   tests/backend/api/: 2 files
2025-08-06 10:11:48,319 - INFO -   tests/backend/database/: 1 files
2025-08-06 10:11:48,319 - INFO -   tests/data/exports/: 3 files
2025-08-06 10:11:48,319 - INFO - 
File organization completed!
2025-08-06 10:11:48,320 - INFO - File organization completed successfully!
